<?xml version="1.0" encoding="UTF-8"?>
<testsuite name="org.jembi.SampleTest" tests="1" skipped="0" failures="0" errors="0" timestamp="2021-01-18T13:43:05" hostname="SDSI-WKS334" time="0.009">
  <properties/>
  <testcase name="shouldRunSampleTest()" classname="org.jembi.SampleTest" time="0.009"/>
  <system-out><![CDATA[Should Run Sample Test!
]]></system-out>
  <system-err><![CDATA[]]></system-err>
</testsuite>
